{"level":"\u001b[32minfo\u001b[39m","message":"Server is running on port 3500","timestamp":"2026-05-28T15:35:17.760Z"}
{"level":"\u001b[32minfo\u001b[39m","message":"Server is running on port 3500","timestamp":"2026-05-28T15:35:44.336Z"}
{"level":"\u001b[32minfo\u001b[39m","message":"Server is running on port 3500","timestamp":"2026-05-28T18:33:18.544Z"}
{"level":"\u001b[32minfo\u001b[39m","message":"Server is running on port 3500","timestamp":"2026-05-28T18:35:00.335Z"}
{"level":"\u001b[32minfo\u001b[39m","message":"Server is running on port 3500","timestamp":"2026-05-28T18:35:41.641Z"}
{"level":"\u001b[31merror\u001b[39m","message":"Error building image: Error: connect ENOENT //./pipe/docker_engine","timestamp":"2026-05-28T18:35:43.262Z"}
{"level":"\u001b[32minfo\u001b[39m","message":"Server is running on port 3500","timestamp":"2026-05-28T18:38:56.533Z"}
{"level":"\u001b[32minfo\u001b[39m","message":"Server is running on port 3500","timestamp":"2026-05-28T18:39:52.296Z"}
{"level":"\u001b[31merror\u001b[39m","message":"Error building image: Error: (HTTP code 400) unexpected - the Dockerfile (Dockerfile) cannot be empty ","timestamp":"2026-05-28T18:39:54.163Z"}
{"level":"\u001b[32minfo\u001b[39m","message":"{\"method\":\"GET\",\"url\":\"/build\",\"status\":\"500\",\"responseTime\":\"31.171\"}","timestamp":"2026-05-28T18:39:54.166Z"}
{"level":"\u001b[32minfo\u001b[39m","message":"Server is running on port 3500","timestamp":"2026-05-28T18:40:13.535Z"}
{"level":"\u001b[32minfo\u001b[39m","message":"Image built successfully","timestamp":"2026-05-28T18:40:15.234Z"}
{"level":"\u001b[32minfo\u001b[39m","message":"{\"method\":\"GET\",\"url\":\"/build\",\"status\":\"200\",\"responseTime\":\"22.143\"}","timestamp":"2026-05-28T18:40:15.236Z"}
{"level":"\u001b[32minfo\u001b[39m","message":"Server is running on port 3500","timestamp":"2026-05-29T09:42:54.927Z"}
{"level":"\u001b[32minfo\u001b[39m","message":"Server is running on port 8200","timestamp":"2026-06-02T06:47:44.027Z"}
{"level":"\u001b[32minfo\u001b[39m","message":"Server is running on port 8200","timestamp":"2026-06-02T06:52:55.069Z"}
{"level":"\u001b[32minfo\u001b[39m","message":"Server is running on port 8200","timestamp":"2026-06-02T06:53:01.480Z"}
{"level":"\u001b[32minfo\u001b[39m","message":"Server is running on port 8200","timestamp":"2026-06-02T06:54:58.240Z"}
{"level":"\u001b[32minfo\u001b[39m","message":"Server is running on port 8200","timestamp":"2026-06-02T06:56:00.718Z"}
{"level":"\u001b[32minfo\u001b[39m","message":"Server is running on port 8200","timestamp":"2026-06-02T07:01:15.897Z"}
{"level":"\u001b[32minfo\u001b[39m","message":"Server is running on port 8200","timestamp":"2026-06-02T07:09:25.444Z"}
{"level":"\u001b[32minfo\u001b[39m","message":"Image built successfully","timestamp":"2026-06-02T07:09:42.520Z"}
{"level":"\u001b[32minfo\u001b[39m","message":"{\"method\":\"GET\",\"url\":\"/build\",\"status\":\"200\",\"responseTime\":\"92.395\"}","timestamp":"2026-06-02T07:09:42.522Z"}
{"level":"\u001b[32minfo\u001b[39m","message":"Server is running on port 8200","timestamp":"2026-06-02T07:12:20.946Z"}
{"level":"\u001b[32minfo\u001b[39m","message":"Server is running on port 8200","timestamp":"2026-06-02T07:20:00.891Z"}
{"level":"\u001b[32minfo\u001b[39m","message":"Server is running on port 8200","timestamp":"2026-06-02T07:29:24.818Z"}
{"level":"\u001b[32minfo\u001b[39m","message":"Server is running on port 8200","timestamp":"2026-06-02T07:29:29.299Z"}
{"level":"\u001b[32minfo\u001b[39m","message":"Server is running on port 8200","timestamp":"2026-06-02T07:29:40.311Z"}
{"level":"\u001b[32minfo\u001b[39m","message":"Server is running on port 8200","timestamp":"2026-06-02T07:29:47.277Z"}
{"level":"\u001b[32minfo\u001b[39m","message":"Server is running on port 8200","timestamp":"2026-06-02T13:14:22.630Z"}
{"level":"\u001b[32minfo\u001b[39m","message":"Server is running on port 8200","timestamp":"2026-06-02T13:15:01.126Z"}
{"level":"\u001b[32minfo\u001b[39m","message":"Server is running on port 8200","timestamp":"2026-06-02T13:15:03.244Z"}
{"level":"\u001b[32minfo\u001b[39m","message":"Server is running on port 8200","timestamp":"2026-06-02T13:15:12.706Z"}
{"level":"\u001b[32minfo\u001b[39m","message":"Server is running on port 8200","timestamp":"2026-06-02T13:15:22.145Z"}
{"level":"\u001b[32minfo\u001b[39m","message":"Server is running on port 8200","timestamp":"2026-06-02T13:15:25.510Z"}
{"level":"\u001b[32minfo\u001b[39m","message":"Server is running on port 8200","timestamp":"2026-06-02T13:15:29.043Z"}
{"level":"\u001b[32minfo\u001b[39m","message":"Server is running on port 8200","timestamp":"2026-06-02T13:15:36.492Z"}
{"level":"\u001b[32minfo\u001b[39m","message":"Server is running on port 8200","timestamp":"2026-06-02T13:15:47.426Z"}
{"level":"\u001b[32minfo\u001b[39m","message":"Server is running on port 8200","timestamp":"2026-06-02T13:15:49.480Z"}
{"level":"\u001b[32minfo\u001b[39m","message":"Server is running on port 8200","timestamp":"2026-06-02T13:15:51.953Z"}
{"level":"\u001b[32minfo\u001b[39m","message":"Server is running on port 8200","timestamp":"2026-06-02T13:16:00.972Z"}
{"level":"\u001b[32minfo\u001b[39m","message":"Server is running on port 8200","timestamp":"2026-06-02T13:16:06.630Z"}
{"level":"\u001b[32minfo\u001b[39m","message":"Server is running on port 8200","timestamp":"2026-06-02T13:16:08.704Z"}
{"level":"\u001b[32minfo\u001b[39m","message":"Server is running on port 8200","timestamp":"2026-06-02T13:16:10.804Z"}
{"level":"\u001b[32minfo\u001b[39m","message":"Server is running on port 8200","timestamp":"2026-06-02T13:16:15.152Z"}
{"level":"\u001b[32minfo\u001b[39m","message":"Server is running on port 8200","timestamp":"2026-06-02T13:16:20.381Z"}
{"level":"\u001b[32minfo\u001b[39m","message":"Server is running on port 8200","timestamp":"2026-06-02T13:16:24.553Z"}
{"level":"\u001b[32minfo\u001b[39m","message":"Server is running on port 8200","timestamp":"2026-06-02T13:16:35.481Z"}
{"level":"\u001b[32minfo\u001b[39m","message":"Server is running on port 8200","timestamp":"2026-06-02T13:17:01.630Z"}
{"level":"\u001b[32minfo\u001b[39m","message":"Server is running on port 8200","timestamp":"2026-06-02T13:17:03.839Z"}
{"level":"\u001b[32minfo\u001b[39m","message":"Server is running on port 8200","timestamp":"2026-06-02T13:17:13.160Z"}
{"level":"\u001b[32minfo\u001b[39m","message":"Server is running on port 8200","timestamp":"2026-06-02T13:17:32.094Z"}
{"level":"\u001b[32minfo\u001b[39m","message":"Server is running on port 8200","timestamp":"2026-06-02T13:17:37.280Z"}
{"level":"\u001b[32minfo\u001b[39m","message":"Server is running on port 8200","timestamp":"2026-06-02T13:17:40.218Z"}
{"level":"\u001b[32minfo\u001b[39m","message":"Server is running on port 8200","timestamp":"2026-06-02T13:18:14.488Z"}
{"level":"\u001b[32minfo\u001b[39m","message":"Server is running on port 8200","timestamp":"2026-06-02T13:18:16.566Z"}
{"level":"\u001b[32minfo\u001b[39m","message":"Server is running on port 8200","timestamp":"2026-06-02T13:18:27.402Z"}
{"level":"\u001b[32minfo\u001b[39m","message":"Server is running on port 8200","timestamp":"2026-06-02T13:18:29.758Z"}
{"level":"\u001b[32minfo\u001b[39m","message":"Server is running on port 8200","timestamp":"2026-06-02T13:19:02.915Z"}
{"level":"\u001b[32minfo\u001b[39m","message":"Server is running on port 8200","timestamp":"2026-06-02T13:19:10.835Z"}
{"level":"\u001b[32minfo\u001b[39m","message":"Server is running on port 8200","timestamp":"2026-06-02T13:19:35.353Z"}
{"level":"\u001b[32minfo\u001b[39m","message":"Server is running on port 8200","timestamp":"2026-06-02T13:19:43.375Z"}
{"level":"\u001b[32minfo\u001b[39m","message":"Server is running on port 8200","timestamp":"2026-06-02T13:19:58.416Z"}
{"level":"\u001b[32minfo\u001b[39m","message":"Server is running on port 8200","timestamp":"2026-06-02T13:20:01.639Z"}
{"level":"\u001b[32minfo\u001b[39m","message":"Server is running on port 8200","timestamp":"2026-06-02T13:20:05.249Z"}
{"level":"\u001b[32minfo\u001b[39m","message":"Server is running on port 8200","timestamp":"2026-06-02T13:20:08.861Z"}
{"level":"\u001b[32minfo\u001b[39m","message":"Server is running on port 8200","timestamp":"2026-06-02T13:20:11.884Z"}
{"level":"\u001b[32minfo\u001b[39m","message":"Server is running on port 8200","timestamp":"2026-06-02T13:20:19.736Z"}
{"level":"\u001b[32minfo\u001b[39m","message":"Server is running on port 8200","timestamp":"2026-06-02T13:20:26.012Z"}
{"level":"\u001b[32minfo\u001b[39m","message":"Server is running on port 8200","timestamp":"2026-06-02T13:20:35.313Z"}
{"level":"\u001b[32minfo\u001b[39m","message":"Server is running on port 8200","timestamp":"2026-06-02T13:20:48.795Z"}
{"level":"\u001b[32minfo\u001b[39m","message":"Server is running on port 8200","timestamp":"2026-06-02T13:22:14.313Z"}
{"level":"\u001b[32minfo\u001b[39m","message":"Server is running on port 8200","timestamp":"2026-06-02T13:22:35.203Z"}
{"level":"\u001b[32minfo\u001b[39m","message":"Server is running on port 8200","timestamp":"2026-06-02T13:22:50.142Z"}
{"level":"\u001b[32minfo\u001b[39m","message":"Server is running on port 8200","timestamp":"2026-06-02T13:42:05.536Z"}
{"level":"\u001b[32minfo\u001b[39m","message":"Server is running on port 8200","timestamp":"2026-06-02T13:44:04.495Z"}
{"level":"\u001b[32minfo\u001b[39m","message":"Server is running on port 8200","timestamp":"2026-06-02T13:44:13.338Z"}
{"level":"\u001b[32minfo\u001b[39m","message":"Server is running on port 8200","timestamp":"2026-06-02T13:44:18.763Z"}
{"level":"\u001b[32minfo\u001b[39m","message":"Server is running on port 8200","timestamp":"2026-06-02T13:44:22.188Z"}
{"level":"\u001b[32minfo\u001b[39m","message":"Server is running on port 8200","timestamp":"2026-06-02T13:44:25.203Z"}
{"level":"\u001b[32minfo\u001b[39m","message":"Server is running on port 8200","timestamp":"2026-06-02T13:44:28.020Z"}
{"level":"\u001b[32minfo\u001b[39m","message":"Server is running on port 8200","timestamp":"2026-06-02T13:44:32.969Z"}
{"level":"\u001b[32minfo\u001b[39m","message":"Server is running on port 8200","timestamp":"2026-06-02T13:44:40.738Z"}
{"level":"\u001b[32minfo\u001b[39m","message":"Server is running on port 8200","timestamp":"2026-06-02T13:44:47.570Z"}
{"level":"\u001b[32minfo\u001b[39m","message":"Server is running on port 8200","timestamp":"2026-06-02T13:44:49.224Z"}
{"level":"\u001b[32minfo\u001b[39m","message":"Server is running on port 8200","timestamp":"2026-06-02T13:44:52.043Z"}
{"level":"\u001b[32minfo\u001b[39m","message":"Server is running on port 8200","timestamp":"2026-06-02T13:44:58.295Z"}
{"level":"\u001b[32minfo\u001b[39m","message":"Server is running on port 8200","timestamp":"2026-06-02T13:45:02.922Z"}
{"level":"\u001b[32minfo\u001b[39m","message":"Server is running on port 8200","timestamp":"2026-06-02T13:45:06.476Z"}
{"level":"\u001b[32minfo\u001b[39m","message":"Server is running on port 8200","timestamp":"2026-06-02T13:45:09.926Z"}
{"level":"\u001b[32minfo\u001b[39m","message":"Server is running on port 8200","timestamp":"2026-06-02T13:45:19.857Z"}
{"level":"\u001b[32minfo\u001b[39m","message":"Server is running on port 8200","timestamp":"2026-06-02T13:45:23.697Z"}
{"level":"\u001b[32minfo\u001b[39m","message":"Server is running on port 8200","timestamp":"2026-06-02T13:45:27.635Z"}
{"level":"\u001b[32minfo\u001b[39m","message":"Server is running on port 8200","timestamp":"2026-06-02T13:45:34.483Z"}
{"level":"\u001b[32minfo\u001b[39m","message":"Server is running on port 8200","timestamp":"2026-06-02T13:45:40.496Z"}
{"level":"\u001b[32minfo\u001b[39m","message":"Server is running on port 8200","timestamp":"2026-06-02T13:46:07.785Z"}
{"level":"\u001b[32minfo\u001b[39m","message":"Server is running on port 8200","timestamp":"2026-06-02T13:46:15.060Z"}
{"level":"\u001b[32minfo\u001b[39m","message":"Server is running on port 8200","timestamp":"2026-06-02T13:46:26.122Z"}
{"level":"\u001b[32minfo\u001b[39m","message":"Server is running on port 8200","timestamp":"2026-06-02T13:46:27.806Z"}
{"level":"\u001b[32minfo\u001b[39m","message":"Server is running on port 8200","timestamp":"2026-06-02T13:46:43.188Z"}
{"level":"\u001b[32minfo\u001b[39m","message":"Server is running on port 8200","timestamp":"2026-06-02T13:46:48.460Z"}
{"level":"\u001b[32minfo\u001b[39m","message":"Server is running on port 8200","timestamp":"2026-06-02T13:46:51.826Z"}
{"level":"\u001b[32minfo\u001b[39m","message":"Server is running on port 8200","timestamp":"2026-06-02T13:46:55.299Z"}
{"level":"\u001b[32minfo\u001b[39m","message":"Server is running on port 8200","timestamp":"2026-06-02T13:46:58.740Z"}
{"level":"\u001b[32minfo\u001b[39m","message":"Server is running on port 8200","timestamp":"2026-06-02T13:47:00.967Z"}
{"level":"\u001b[32minfo\u001b[39m","message":"Server is running on port 8200","timestamp":"2026-06-02T13:47:02.660Z"}
{"level":"\u001b[32minfo\u001b[39m","message":"Server is running on port 8200","timestamp":"2026-06-02T13:47:09.418Z"}
{"level":"\u001b[32minfo\u001b[39m","message":"Server is running on port 8200","timestamp":"2026-06-02T13:47:14.080Z"}
{"level":"\u001b[32minfo\u001b[39m","message":"Server is running on port 8200","timestamp":"2026-06-02T13:47:29.132Z"}
{"level":"\u001b[32minfo\u001b[39m","message":"Server is running on port 8200","timestamp":"2026-06-02T13:47:31.826Z"}
{"level":"\u001b[32minfo\u001b[39m","message":"Server is running on port 8200","timestamp":"2026-06-02T13:47:34.786Z"}
{"level":"\u001b[32minfo\u001b[39m","message":"Server is running on port 8200","timestamp":"2026-06-02T13:47:37.642Z"}
{"level":"\u001b[32minfo\u001b[39m","message":"Server is running on port 8200","timestamp":"2026-06-02T13:47:54.787Z"}
{"level":"\u001b[32minfo\u001b[39m","message":"Server is running on port 8200","timestamp":"2026-06-02T13:48:18.172Z"}
{"level":"\u001b[32minfo\u001b[39m","message":"Server is running on port 8200","timestamp":"2026-06-02T13:48:20.964Z"}
{"level":"\u001b[32minfo\u001b[39m","message":"Server is running on port 8200","timestamp":"2026-06-02T13:48:25.399Z"}
{"level":"\u001b[32minfo\u001b[39m","message":"Server is running on port 8200","timestamp":"2026-06-02T13:48:31.120Z"}
{"level":"\u001b[32minfo\u001b[39m","message":"Server is running on port 8200","timestamp":"2026-06-02T13:48:32.834Z"}
{"level":"\u001b[32minfo\u001b[39m","message":"Server is running on port 8200","timestamp":"2026-06-02T13:49:10.383Z"}
{"level":"\u001b[32minfo\u001b[39m","message":"Server is running on port 8200","timestamp":"2026-06-02T13:49:12.921Z"}
{"level":"\u001b[32minfo\u001b[39m","message":"Server is running on port 8200","timestamp":"2026-06-02T13:49:15.322Z"}
{"level":"\u001b[32minfo\u001b[39m","message":"Server is running on port 8200","timestamp":"2026-06-02T13:49:17.933Z"}
{"level":"\u001b[32minfo\u001b[39m","message":"Server is running on port 8200","timestamp":"2026-06-02T13:49:28.351Z"}
{"level":"\u001b[32minfo\u001b[39m","message":"Server is running on port 8200","timestamp":"2026-06-02T13:49:37.793Z"}
{"level":"\u001b[32minfo\u001b[39m","message":"Server is running on port 8200","timestamp":"2026-06-02T13:50:17.879Z"}
{"level":"\u001b[32minfo\u001b[39m","message":"Server is running on port 8200","timestamp":"2026-06-02T13:50:22.194Z"}
{"level":"\u001b[32minfo\u001b[39m","message":"Server is running on port 8200","timestamp":"2026-06-02T13:50:27.279Z"}
{"level":"\u001b[32minfo\u001b[39m","message":"Server is running on port 8200","timestamp":"2026-06-02T13:50:31.565Z"}
{"level":"\u001b[32minfo\u001b[39m","message":"Server is running on port 8200","timestamp":"2026-06-02T13:50:33.800Z"}
{"level":"\u001b[32minfo\u001b[39m","message":"Server is running on port 8200","timestamp":"2026-06-02T13:50:42.686Z"}
{"level":"\u001b[32minfo\u001b[39m","message":"Server is running on port 8200","timestamp":"2026-06-02T13:50:45.279Z"}
{"level":"\u001b[32minfo\u001b[39m","message":"Server is running on port 8200","timestamp":"2026-06-02T13:50:51.847Z"}
{"level":"\u001b[32minfo\u001b[39m","message":"Server is running on port 8200","timestamp":"2026-06-02T13:51:00.989Z"}
{"level":"\u001b[32minfo\u001b[39m","message":"Server is running on port 8200","timestamp":"2026-06-02T13:51:08.422Z"}
{"level":"\u001b[32minfo\u001b[39m","message":"Server is running on port 8200","timestamp":"2026-06-02T13:51:12.818Z"}
{"level":"\u001b[32minfo\u001b[39m","message":"Server is running on port 8200","timestamp":"2026-06-02T13:51:30.137Z"}
{"level":"\u001b[32minfo\u001b[39m","message":"Server is running on port 8200","timestamp":"2026-06-02T13:51:32.218Z"}
{"level":"\u001b[32minfo\u001b[39m","message":"Server is running on port 8200","timestamp":"2026-06-02T13:51:59.922Z"}
{"level":"\u001b[32minfo\u001b[39m","message":"Server is running on port 8200","timestamp":"2026-06-02T13:52:04.526Z"}
{"level":"\u001b[32minfo\u001b[39m","message":"Server is running on port 8200","timestamp":"2026-06-02T13:52:13.305Z"}
{"level":"\u001b[32minfo\u001b[39m","message":"Server is running on port 8200","timestamp":"2026-06-02T13:52:18.677Z"}
{"level":"\u001b[32minfo\u001b[39m","message":"Server is running on port 8200","timestamp":"2026-06-02T13:52:22.516Z"}
{"level":"\u001b[32minfo\u001b[39m","message":"Server is running on port 8200","timestamp":"2026-06-02T13:52:29.544Z"}
{"level":"\u001b[32minfo\u001b[39m","message":"Server is running on port 8200","timestamp":"2026-06-02T13:52:32.063Z"}
{"level":"\u001b[32minfo\u001b[39m","message":"Server is running on port 8200","timestamp":"2026-06-02T13:52:46.253Z"}
{"level":"\u001b[32minfo\u001b[39m","message":"Server is running on port 8200","timestamp":"2026-06-02T13:52:49.989Z"}
{"level":"\u001b[32minfo\u001b[39m","message":"Server is running on port 8200","timestamp":"2026-06-02T13:53:55.456Z"}
{"level":"\u001b[32minfo\u001b[39m","message":"Server is running on port 8200","timestamp":"2026-06-02T13:54:25.580Z"}
{"level":"\u001b[32minfo\u001b[39m","message":"Server is running on port 8200","timestamp":"2026-06-02T14:00:29.253Z"}
{"level":"\u001b[32minfo\u001b[39m","message":"Server is running on port 8200","timestamp":"2026-06-02T14:00:32.913Z"}
{"level":"\u001b[32minfo\u001b[39m","message":"Server is running on port 8200","timestamp":"2026-06-02T14:00:37.595Z"}
{"level":"\u001b[32minfo\u001b[39m","message":"Server is running on port 8200","timestamp":"2026-06-02T14:00:39.486Z"}
{"level":"\u001b[32minfo\u001b[39m","message":"Server is running on port 8200","timestamp":"2026-06-02T14:01:11.388Z"}
